[Q]6,7,8,9,10,11,12,
[S1]1,2,3,4,5,
[S2]
[S3]
[S4]
[S5]
[S6]
[Q]12,13,14,
[S1]1,2,3,4,5,
[S2]6,7,8,9,10,
[S3]11,
[S4]
[S5]
[S6]
[Q]
[S1]1,2,3,4,5,
[S2]6,7,8,9,10,
[S3]11,12,13,14,15,
[S4]16,17,
[S5]
[S6]
[Q]23,24,25,
[S1]1,2,3,4,5,
[S2]6,7,8,9,10,
[S3]11,12,13,14,15,
[S4]16,17,18,19,20,
[S5]21,22,
[S6]
[Q]
[S1]1,2,3,4,5,
[S2]6,7,8,9,10,
[S3]11,12,13,14,15,
[S4]16,17,18,19,20,
[S5]21,22,23,24,25,
[S6]26,27,28,29,30,
[Q]
[S1]
[S2]
[S3]
[S4]
[S5]
[S6]
1,14660643986,ADRIAN
2,20126295366,RAUL
3,71575660982,JUAN ANTONIO
4,34197440383,IVAN
5,88532763270,ENRIQUE
6,54641308243,RUBEN
7,26545279780,RAMON
8,83731316575,VICENTE
9,63309058079,OSCAR
10,65145119815,ANDRES
11,34116754220,JOAQUIN
12,71774181946,JUAN MANUEL
13,99030779378,SANTIAGO
14,12472768508,EDUARDO
15,25430684988,VICTOR
16,54769255847,MARIO
17,56876426243,ROBERTO
18,99243863663,JAIME
19,38120225511,FRANCISCO JOSE
20,98623105921,IGNACIO
21,64937834173,MARCOS
22,48911836479,ALFONSO
23,66569021099,JORDI
24,52848576768,SALVADOR
25,69657554148,RICARDO
26,68935429368,EMILIO
27,13101674956,HUGO
28,84834972353,GUILLERMO
29,64510251127,GABRIEL
30,32809905386,JULIAN
